[02-Sep-2025 05:09:07 Europe/Berlin] Database connection error: Unknown database 'healthlink'
[02-Sep-2025 05:09:07 Europe/Berlin] Database connection error: Unknown database 'healthlink'
[02-Sep-2025 05:09:09 Europe/Berlin] Database connection error: Unknown database 'healthlink'
[02-Sep-2025 05:09:09 Europe/Berlin] Database connection error: Unknown database 'healthlink'
[02-Sep-2025 05:09:10 Europe/Berlin] Database connection error: Unknown database 'healthlink'
[02-Sep-2025 05:09:10 Europe/Berlin] Database connection error: Unknown database 'healthlink'
[02-Sep-2025 05:09:10 Europe/Berlin] Database connection error: Unknown database 'healthlink'
[02-Sep-2025 05:09:10 Europe/Berlin] Database connection error: Unknown database 'healthlink'
[02-Sep-2025 05:09:11 Europe/Berlin] Database connection error: Unknown database 'healthlink'
[02-Sep-2025 05:09:11 Europe/Berlin] Database connection error: Unknown database 'healthlink'
[02-Sep-2025 05:09:12 Europe/Berlin] Database connection error: Unknown database 'healthlink'
[02-Sep-2025 05:09:12 Europe/Berlin] Database connection error: Unknown database 'healthlink'
[02-Sep-2025 05:11:16 Europe/Berlin] Database connection error: Unknown database 'healthlink'
[02-Sep-2025 05:11:16 Europe/Berlin] Database connection error: Unknown database 'healthlink'
[02-Sep-2025 05:11:16 Europe/Berlin] Database connection error: Unknown database 'healthlink'
[02-Sep-2025 05:11:16 Europe/Berlin] Database connection error: Unknown database 'healthlink'
[02-Sep-2025 05:16:44 Europe/Berlin] Database connection error: Unknown database 'healthlink'
[02-Sep-2025 05:16:44 Europe/Berlin] Database connection error: Unknown database 'healthlink'
[02-Sep-2025 05:16:46 Europe/Berlin] Database connection error: Unknown database 'healthlink'
[02-Sep-2025 05:16:46 Europe/Berlin] Database connection error: Unknown database 'healthlink'
[02-Sep-2025 05:19:55 Europe/Berlin] Database connection error: Unknown database 'healthlink'
[02-Sep-2025 05:19:55 Europe/Berlin] Database connection error: Unknown database 'healthlink'
[02-Sep-2025 05:19:55 Europe/Berlin] Database connection error: Unknown database 'healthlink'
[02-Sep-2025 05:19:55 Europe/Berlin] Database connection error: Unknown database 'healthlink'
[02-Sep-2025 05:49:36 Europe/Berlin] PHP Fatal error:  Uncaught Error: Call to undefined function getDbConnection() in C:\xampp\htdocs\healthlink\api\get_follow_stats.php:30
Stack trace:
#0 {main}
  thrown in C:\xampp\htdocs\healthlink\api\get_follow_stats.php on line 30
[02-Sep-2025 05:49:47 Europe/Berlin] PHP Fatal error:  Uncaught Error: Call to undefined function getDbConnection() in C:\xampp\htdocs\healthlink\api\get_follow_stats.php:30
Stack trace:
#0 {main}
  thrown in C:\xampp\htdocs\healthlink\api\get_follow_stats.php on line 30
[02-Sep-2025 05:49:47 Europe/Berlin] PHP Fatal error:  Uncaught Error: Call to undefined function getDbConnection() in C:\xampp\htdocs\healthlink\api\get_follow_stats.php:30
Stack trace:
#0 {main}
  thrown in C:\xampp\htdocs\healthlink\api\get_follow_stats.php on line 30
